0 info it worked if it ends with ok
1 verbose cli [ '/Users/albatrosary/.nodebrew/node/v5.10.1/bin/node',
1 verbose cli   '/Users/albatrosary/.nodebrew/current/bin/npm',
1 verbose cli   'run',
1 verbose cli   'lint' ]
2 info using npm@3.8.3
3 info using node@v5.10.1
4 verbose run-script [ 'prelint', 'lint', 'postlint' ]
5 info lifecycle angular2-lite-start@1.0.0~prelint: angular2-lite-start@1.0.0
6 silly lifecycle angular2-lite-start@1.0.0~prelint: no script for prelint, continuing
7 info lifecycle angular2-lite-start@1.0.0~lint: angular2-lite-start@1.0.0
8 verbose lifecycle angular2-lite-start@1.0.0~lint: unsafe-perm in lifecycle true
9 verbose lifecycle angular2-lite-start@1.0.0~lint: PATH: /Users/albatrosary/.nodebrew/node/v5.10.1/lib/node_modules/npm/bin/node-gyp-bin:/Users/albatrosary/Sandbox/Todos/node_modules/.bin:/Users/albatrosary/.nodebrew/node/v5.10.1/bin:/usr/local/heroku/bin:/opt/local/bin:/opt/local/sbin:/Users/albatrosary/.nodebrew/current/bin:/usr/local/bin:/usr/bin:/bin:/usr/sbin:/sbin
10 verbose lifecycle angular2-lite-start@1.0.0~lint: CWD: /Users/albatrosary/Sandbox/Todos
11 silly lifecycle angular2-lite-start@1.0.0~lint: Args: [ '-c',
11 silly lifecycle   './node_modules/tslint/bin/tslint -c tslint.json src/{,**/}*.ts -e src/{,**/}*.spec.ts' ]
12 silly lifecycle angular2-lite-start@1.0.0~lint: Returned: code: 2  signal: null
13 info lifecycle angular2-lite-start@1.0.0~lint: Failed to exec lint script
14 verbose stack Error: angular2-lite-start@1.0.0 lint: `./node_modules/tslint/bin/tslint -c tslint.json src/{,**/}*.ts -e src/{,**/}*.spec.ts`
14 verbose stack Exit status 2
14 verbose stack     at EventEmitter.<anonymous> (/Users/albatrosary/.nodebrew/node/v5.10.1/lib/node_modules/npm/lib/utils/lifecycle.js:239:16)
14 verbose stack     at emitTwo (events.js:100:13)
14 verbose stack     at EventEmitter.emit (events.js:185:7)
14 verbose stack     at ChildProcess.<anonymous> (/Users/albatrosary/.nodebrew/node/v5.10.1/lib/node_modules/npm/lib/utils/spawn.js:24:14)
14 verbose stack     at emitTwo (events.js:100:13)
14 verbose stack     at ChildProcess.emit (events.js:185:7)
14 verbose stack     at maybeClose (internal/child_process.js:850:16)
14 verbose stack     at Process.ChildProcess._handle.onexit (internal/child_process.js:215:5)
15 verbose pkgid angular2-lite-start@1.0.0
16 verbose cwd /Users/albatrosary/Sandbox/Todos
17 error Darwin 15.5.0
18 error argv "/Users/albatrosary/.nodebrew/node/v5.10.1/bin/node" "/Users/albatrosary/.nodebrew/current/bin/npm" "run" "lint"
19 error node v5.10.1
20 error npm  v3.8.3
21 error code ELIFECYCLE
22 error angular2-lite-start@1.0.0 lint: `./node_modules/tslint/bin/tslint -c tslint.json src/{,**/}*.ts -e src/{,**/}*.spec.ts`
22 error Exit status 2
23 error Failed at the angular2-lite-start@1.0.0 lint script './node_modules/tslint/bin/tslint -c tslint.json src/{,**/}*.ts -e src/{,**/}*.spec.ts'.
23 error Make sure you have the latest version of node.js and npm installed.
23 error If you do, this is most likely a problem with the angular2-lite-start package,
23 error not with npm itself.
23 error Tell the author that this fails on your system:
23 error     ./node_modules/tslint/bin/tslint -c tslint.json src/{,**/}*.ts -e src/{,**/}*.spec.ts
23 error You can get information on how to open an issue for this project with:
23 error     npm bugs angular2-lite-start
23 error Or if that isn't available, you can get their info via:
23 error     npm owner ls angular2-lite-start
23 error There is likely additional logging output above.
24 verbose exit [ 1, true ]
